<?xml version="1.0" encoding="UTF-8"?>
<!-- Generated by org.testng.reporters.JUnitReportReporter -->
<testsuite skipped="0" hostname="Sahana" name="runner.TestRunner" tests="2" failures="0" timestamp="2020-12-16T22:38:19 SGT" time="7.854" errors="0">
  <testcase name="runScenario" time="4.992" classname="runner.TestRunner"/>
  <system-out/>
  <testcase name="runScenario" time="2.862" classname="runner.TestRunner"/>
  <system-out/>
</testsuite> <!-- runner.TestRunner -->
