<?xml version="1.0" encoding="UTF-8"?>
<!-- Generated by org.testng.reporters.JUnitReportReporter -->
<testsuite skipped="0" hostname="Sahana" name="Cucumber.test.TestRunner" tests="2" failures="0" timestamp="2020-12-14T21:38:18 SGT" time="17.916" errors="0">
  <testcase name="runScenario" time="8.761" classname="Cucumber.test.TestRunner"/>
  <system-out/>
  <testcase name="runScenario" time="9.155" classname="Cucumber.test.TestRunner"/>
  <system-out/>
</testsuite> <!-- Cucumber.test.TestRunner -->
