<?xml version="1.0" encoding="UTF-8"?>
<!-- Generated by org.testng.reporters.JUnitReportReporter -->
<testsuite skipped="0" hostname="Sahana" name="runner.API_TestRunner" tests="2" failures="0" timestamp="2020-12-16T22:30:59 SGT" time="8.087" errors="0">
  <testcase name="runScenario" time="5.263" classname="runner.API_TestRunner"/>
  <system-out/>
  <testcase name="runScenario" time="2.824" classname="runner.API_TestRunner"/>
  <system-out/>
</testsuite> <!-- runner.API_TestRunner -->
