<?xml version="1.0" encoding="UTF-8"?>
<!-- Generated by org.testng.reporters.JUnitReportReporter -->
<testsuite skipped="0" hostname="Sahana" name="runner.Dispense_Tax_Relief_TestRunner" tests="1" failures="0" timestamp="2020-12-22T12:55:25 SGT" time="13.761" errors="0">
  <testcase name="runScenario" time="13.761" classname="runner.Dispense_Tax_Relief_TestRunner"/>
  <system-out/>
</testsuite> <!-- runner.Dispense_Tax_Relief_TestRunner -->
